Flow report for MARC3
Wed May 22 12:36:02 2013
Quartus II 32-bit Version 11.1 Build 216 11/23/2011 Service Pack 1 SJ Web Edition


---------------------
; Table of Contents ;
---------------------
  1. Legal Notice
  2. Flow Summary
  3. Flow Settings
  4. Flow Non-Default Global Settings
  5. Flow Elapsed Time
  6. Flow OS Summary
  7. Flow Log



----------------
; Legal Notice ;
----------------
Copyright (C) 1991-2011 Altera Corporation
Your use of Altera Corporation's design tools, logic functions 
and other software and tools, and its AMPP partner logic 
functions, and any output files from any of the foregoing 
(including device programming or simulation files), and any 
associated documentation or information are expressly subject 
to the terms and conditions of the Altera Program License 
Subscription Agreement, Altera MegaCore Function License 
Agreement, or other applicable license agreement, including, 
without limitation, that your use is for the sole purpose of 
programming logic devices manufactured by Altera and sold by 
Altera or its authorized distributors.  Please refer to the 
applicable agreement for further details.



+------------------------------------------------------------------------------------+
; Flow Summary                                                                       ;
+------------------------------------+-----------------------------------------------+
; Flow Status                        ; Successful - Wed May 22 12:36:02 2013         ;
; Quartus II 32-bit Version          ; 11.1 Build 216 11/23/2011 SP 1 SJ Web Edition ;
; Revision Name                      ; MARC3                                         ;
; Top-level Entity Name              ; MARC3                                         ;
; Family                             ; Cyclone IV E                                  ;
; Device                             ; EP4CE115F29C7                                 ;
; Timing Models                      ; Final                                         ;
; Total logic elements               ; 1,203 / 114,480 ( 1 % )                       ;
;     Total combinational functions  ; 1,140 / 114,480 ( < 1 % )                     ;
;     Dedicated logic registers      ; 593 / 114,480 ( < 1 % )                       ;
; Total registers                    ; 593                                           ;
; Total pins                         ; 18 / 529 ( 3 % )                              ;
; Total virtual pins                 ; 0                                             ;
; Total memory bits                  ; 1,048,576 / 3,981,312 ( 26 % )                ;
; Embedded Multiplier 9-bit elements ; 0 / 532 ( 0 % )                               ;
; Total PLLs                         ; 0 / 4 ( 0 % )                                 ;
+------------------------------------+-----------------------------------------------+


+-----------------------------------------+
; Flow Settings                           ;
+-------------------+---------------------+
; Option            ; Setting             ;
+-------------------+---------------------+
; Start date & time ; 05/22/2013 12:35:02 ;
; Main task         ; Compilation         ;
; Revision Name     ; MARC3               ;
+-------------------+---------------------+


+----------------------------------------------------------------------------------------------------------------------------+
; Flow Non-Default Global Settings                                                                                           ;
+-------------------------------------+---------------------------------------+---------------+-------------+----------------+
; Assignment Name                     ; Value                                 ; Default Value ; Entity Name ; Section Id     ;
+-------------------------------------+---------------------------------------+---------------+-------------+----------------+
; COMPILER_SIGNATURE_ID               ; 1097771803272.136924050200300         ; --            ; --          ; --             ;
; EDA_OUTPUT_DATA_FORMAT              ; Vhdl                                  ; --            ; --          ; eda_simulation ;
; EDA_SIMULATION_TOOL                 ; ModelSim-Altera (VHDL)                ; <None>        ; --          ; --             ;
; ENABLE_IP_DEBUG                     ; On                                    ; Off           ; --          ; --             ;
; IP_TOOL_NAME                        ; ROM: 1-PORT                           ; --            ; --          ; --             ;
; IP_TOOL_NAME                        ; RAM: 1-PORT                           ; --            ; --          ; --             ;
; IP_TOOL_NAME                        ; LPM_COUNTER                           ; --            ; --          ; --             ;
; IP_TOOL_NAME                        ; LPM_ADD_SUB                           ; --            ; --          ; --             ;
; IP_TOOL_NAME                        ; LPM_MUX                               ; --            ; --          ; --             ;
; IP_TOOL_NAME                        ; LPM_MUX                               ; --            ; --          ; --             ;
; IP_TOOL_NAME                        ; LPM_ADD_SUB                           ; --            ; --          ; --             ;
; IP_TOOL_NAME                        ; LPM_MUX                               ; --            ; --          ; --             ;
; IP_TOOL_NAME                        ; LPM_ADD_SUB                           ; --            ; --          ; --             ;
; IP_TOOL_NAME                        ; LPM_MUX                               ; --            ; --          ; --             ;
; IP_TOOL_NAME                        ; LPM_CONSTANT                          ; --            ; --          ; --             ;
; IP_TOOL_NAME                        ; LPM_CONSTANT                          ; --            ; --          ; --             ;
; IP_TOOL_NAME                        ; LPM_CONSTANT                          ; --            ; --          ; --             ;
; IP_TOOL_VERSION                     ; 11.1                                  ; --            ; --          ; --             ;
; IP_TOOL_VERSION                     ; 11.1                                  ; --            ; --          ; --             ;
; IP_TOOL_VERSION                     ; 11.1                                  ; --            ; --          ; --             ;
; IP_TOOL_VERSION                     ; 11.1                                  ; --            ; --          ; --             ;
; IP_TOOL_VERSION                     ; 11.1                                  ; --            ; --          ; --             ;
; IP_TOOL_VERSION                     ; 11.1                                  ; --            ; --          ; --             ;
; IP_TOOL_VERSION                     ; 11.1                                  ; --            ; --          ; --             ;
; IP_TOOL_VERSION                     ; 11.1                                  ; --            ; --          ; --             ;
; IP_TOOL_VERSION                     ; 11.1                                  ; --            ; --          ; --             ;
; IP_TOOL_VERSION                     ; 11.1                                  ; --            ; --          ; --             ;
; IP_TOOL_VERSION                     ; 11.1                                  ; --            ; --          ; --             ;
; IP_TOOL_VERSION                     ; 11.1                                  ; --            ; --          ; --             ;
; IP_TOOL_VERSION                     ; 11.1                                  ; --            ; --          ; --             ;
; MAX_CORE_JUNCTION_TEMP              ; 85                                    ; --            ; --          ; --             ;
; MIN_CORE_JUNCTION_TEMP              ; 0                                     ; --            ; --          ; --             ;
; MISC_FILE                           ; systemrom.bsf                         ; --            ; --          ; --             ;
; MISC_FILE                           ; systemrom_inst.vhd                    ; --            ; --          ; --             ;
; MISC_FILE                           ; systemrom.cmp                         ; --            ; --          ; --             ;
; MISC_FILE                           ; systemram.bsf                         ; --            ; --          ; --             ;
; MISC_FILE                           ; systemram_inst.vhd                    ; --            ; --          ; --             ;
; MISC_FILE                           ; systemram.cmp                         ; --            ; --          ; --             ;
; MISC_FILE                           ; systemram_syn.v                       ; --            ; --          ; --             ;
; MISC_FILE                           ; refreshcounter.bsf                    ; --            ; --          ; --             ;
; MISC_FILE                           ; refreshcounter_inst.vhd               ; --            ; --          ; --             ;
; MISC_FILE                           ; refreshcounter.cmp                    ; --            ; --          ; --             ;
; MISC_FILE                           ; PC_adder.bsf                          ; --            ; --          ; --             ;
; MISC_FILE                           ; PC_adder_inst.vhd                     ; --            ; --          ; --             ;
; MISC_FILE                           ; PC_adder.cmp                          ; --            ; --          ; --             ;
; MISC_FILE                           ; PC_mux.bsf                            ; --            ; --          ; --             ;
; MISC_FILE                           ; PC_mux_inst.vhd                       ; --            ; --          ; --             ;
; MISC_FILE                           ; PC_mux.cmp                            ; --            ; --          ; --             ;
; MISC_FILE                           ; bit16_2_to_1_mux.bsf                  ; --            ; --          ; --             ;
; MISC_FILE                           ; bit16_2_to_1_mux_inst.vhd             ; --            ; --          ; --             ;
; MISC_FILE                           ; bit16_2_to_1_mux.cmp                  ; --            ; --          ; --             ;
; MISC_FILE                           ; PC_displ_adder.bsf                    ; --            ; --          ; --             ;
; MISC_FILE                           ; PC_displ_adder_inst.vhd               ; --            ; --          ; --             ;
; MISC_FILE                           ; PC_displ_adder.cmp                    ; --            ; --          ; --             ;
; MISC_FILE                           ; mux3bit_2_to_1.bsf                    ; --            ; --          ; --             ;
; MISC_FILE                           ; mux3bit_2_to_1_inst.vhd               ; --            ; --          ; --             ;
; MISC_FILE                           ; mux3bit_2_to_1.cmp                    ; --            ; --          ; --             ;
; MISC_FILE                           ; sp_sub.bsf                            ; --            ; --          ; --             ;
; MISC_FILE                           ; sp_sub_inst.vhd                       ; --            ; --          ; --             ;
; MISC_FILE                           ; sp_sub.cmp                            ; --            ; --          ; --             ;
; MISC_FILE                           ; LCD_mux.bsf                           ; --            ; --          ; --             ;
; MISC_FILE                           ; LCD_mux_inst.vhd                      ; --            ; --          ; --             ;
; MISC_FILE                           ; LCD_mux.cmp                           ; --            ; --          ; --             ;
; MISC_FILE                           ; constant0.bsf                         ; --            ; --          ; --             ;
; MISC_FILE                           ; constant0_inst.vhd                    ; --            ; --          ; --             ;
; MISC_FILE                           ; constant0.cmp                         ; --            ; --          ; --             ;
; MISC_FILE                           ; constant1.bsf                         ; --            ; --          ; --             ;
; MISC_FILE                           ; constant1_inst.vhd                    ; --            ; --          ; --             ;
; MISC_FILE                           ; constant1.cmp                         ; --            ; --          ; --             ;
; MISC_FILE                           ; bit_1.bsf                             ; --            ; --          ; --             ;
; MISC_FILE                           ; bit_1_inst.vhd                        ; --            ; --          ; --             ;
; MISC_FILE                           ; bit_1.cmp                             ; --            ; --          ; --             ;
; NOMINAL_CORE_SUPPLY_VOLTAGE         ; 1.2V                                  ; --            ; --          ; --             ;
; PARTITION_COLOR                     ; 16764057                              ; --            ; --          ; Top            ;
; PARTITION_FITTER_PRESERVATION_LEVEL ; PLACEMENT_AND_ROUTING                 ; --            ; --          ; Top            ;
; PARTITION_NETLIST_TYPE              ; SOURCE                                ; --            ; --          ; Top            ;
; POWER_BOARD_THERMAL_MODEL           ; None (CONSERVATIVE)                   ; --            ; --          ; --             ;
; POWER_PRESET_COOLING_SOLUTION       ; 23 MM HEAT SINK WITH 200 LFPM AIRFLOW ; --            ; --          ; --             ;
; REMOVE_DUPLICATE_REGISTERS          ; Off                                   ; On            ; --          ; --             ;
+-------------------------------------+---------------------------------------+---------------+-------------+----------------+


+-------------------------------------------------------------------------------------------------------------------------------+
; Flow Elapsed Time                                                                                                             ;
+---------------------------+--------------+-------------------------+---------------------+------------------------------------+
; Module Name               ; Elapsed Time ; Average Processors Used ; Peak Virtual Memory ; Total CPU Time (on all processors) ;
+---------------------------+--------------+-------------------------+---------------------+------------------------------------+
; Analysis & Synthesis      ; 00:00:19     ; 1.0                     ; 339 MB              ; 00:00:18                           ;
; Fitter                    ; 00:00:20     ; 1.3                     ; 543 MB              ; 00:00:24                           ;
; TimeQuest Timing Analyzer ; 00:00:08     ; 1.0                     ; 365 MB              ; 00:00:09                           ;
; Assembler                 ; 00:00:09     ; 1.0                     ; 507 MB              ; 00:00:09                           ;
; EDA Netlist Writer        ; 00:00:05     ; 1.0                     ; 278 MB              ; 00:00:04                           ;
; Total                     ; 00:01:01     ; --                      ; --                  ; 00:01:04                           ;
+---------------------------+--------------+-------------------------+---------------------+------------------------------------+


+----------------------------------------------------------------------------------------+
; Flow OS Summary                                                                        ;
+---------------------------+------------------+-----------+------------+----------------+
; Module Name               ; Machine Hostname ; OS Name   ; OS Version ; Processor type ;
+---------------------------+------------------+-----------+------------+----------------+
; Analysis & Synthesis      ; USMANBDDMAXWLL2  ; Windows 7 ; 6.1        ; i686           ;
; Fitter                    ; USMANBDDMAXWLL2  ; Windows 7 ; 6.1        ; i686           ;
; TimeQuest Timing Analyzer ; USMANBDDMAXWLL2  ; Windows 7 ; 6.1        ; i686           ;
; Assembler                 ; USMANBDDMAXWLL2  ; Windows 7 ; 6.1        ; i686           ;
; EDA Netlist Writer        ; USMANBDDMAXWLL2  ; Windows 7 ; 6.1        ; i686           ;
+---------------------------+------------------+-----------+------------+----------------+


------------
; Flow Log ;
------------
quartus_map --read_settings_files=on --write_settings_files=off MARC3 -c MARC3
quartus_fit --read_settings_files=off --write_settings_files=off MARC3 -c MARC3
quartus_sta MARC3 -c MARC3
quartus_asm --read_settings_files=off --write_settings_files=off MARC3 -c MARC3
quartus_eda --read_settings_files=off --write_settings_files=off MARC3 -c MARC3



