MIF/HEX Update report for MARC3
Wed May 22 15:22:27 2013
Quartus II 32-bit Version 11.1 Build 216 11/23/2011 Service Pack 1 SJ Web Edition


---------------------
; Table of Contents ;
---------------------
  1. Legal Notice
  2. MIF/HEX Update Summary
  3. MIF/HEX Update Processed Files
  4. MIF/HEX Update Messages



----------------
; Legal Notice ;
----------------
Copyright (C) 1991-2011 Altera Corporation
Your use of Altera Corporation's design tools, logic functions 
and other software and tools, and its AMPP partner logic 
functions, and any output files from any of the foregoing 
(including device programming or simulation files), and any 
associated documentation or information are expressly subject 
to the terms and conditions of the Altera Program License 
Subscription Agreement, Altera MegaCore Function License 
Agreement, or other applicable license agreement, including, 
without limitation, that your use is for the sole purpose of 
programming logic devices manufactured by Altera and sold by 
Altera or its authorized distributors.  Please refer to the 
applicable agreement for further details.



+---------------------------------------------------------------+
; MIF/HEX Update Summary                                        ;
+-----------------------+---------------------------------------+
; MIF/HEX Update Status ; Successful - Wed May 22 15:22:27 2013 ;
; Revision Name         ; MARC3                                 ;
; Top-level Entity Name ; MARC3                                 ;
; Family                ; Cyclone IV E                          ;
; Device                ; EP4CE115F29C7                         ;
+-----------------------+---------------------------------------+


+---------------------------------------------------------------------------------------------+
; MIF/HEX Update Processed Files                                                              ;
+---------------------------------------------------------------------------------------------+
; File Name                                                                                   ;
+---------------------------------------------------------------------------------------------+
; C:/Users/paul.maxwell/Documents/GitHub/MARC3_Simple_pipeline/MARC3_DE2/marc_test_no_haz.mif ;
+---------------------------------------------------------------------------------------------+


+-------------------------+
; MIF/HEX Update Messages ;
+-------------------------+
Info: *******************************************************************
Info: Running Quartus II 32-bit MIF/HEX Update
    Info: Version 11.1 Build 216 11/23/2011 Service Pack 1 SJ Web Edition
    Info: Processing started: Wed May 22 15:22:26 2013
Info: Command: quartus_cdb MARC3 -c MARC3 --update_mif
Critical Warning (127005): Memory depth (32768) in the design file differs from memory depth (1024) in the Memory Initialization File "C:/Users/paul.maxwell/Documents/GitHub/MARC3_Simple_pipeline/MARC3_DE2/marc_test_no_haz.mif" -- setting initial value for remaining addresses to 0
Info (39024): Processed the following Memory Initialization File(s)
    Info (39025): Processed Memory Initialization File C:/Users/paul.maxwell/Documents/GitHub/MARC3_Simple_pipeline/MARC3_DE2/marc_test_no_haz.mif
Info: Quartus II 32-bit MIF/HEX Update was successful. 0 errors, 1 warning
    Info: Peak virtual memory: 278 megabytes
    Info: Processing ended: Wed May 22 15:22:27 2013
    Info: Elapsed time: 00:00:01
    Info: Total CPU time (on all processors): 00:00:01


